2024-05-16T00:23:45+00:00 DEBUG 
====Stripe Version: 8.2.0====
====Stripe Plugin API Version: 2019-09-09====
====Start Log====
account
====End Log====

2024-05-16T02:24:20+00:00 DEBUG 
====Stripe Version: 8.2.0====
====Stripe Plugin API Version: 2019-09-09====
====Start Log====
account
====End Log====

2024-05-16T04:24:47+00:00 DEBUG 
====Stripe Version: 8.2.0====
====Stripe Plugin API Version: 2019-09-09====
====Start Log====
account
====End Log====

2024-05-16T06:26:25+00:00 DEBUG 
====Stripe Version: 8.2.0====
====Stripe Plugin API Version: 2019-09-09====
====Start Log====
account
====End Log====

2024-05-16T08:41:17+00:00 DEBUG 
====Stripe Version: 8.2.0====
====Stripe Plugin API Version: 2019-09-09====
====Start Log====
account
====End Log====

2024-05-16T10:49:55+00:00 DEBUG 
====Stripe Version: 8.2.0====
====Stripe Plugin API Version: 2019-09-09====
====Start Log====
account
====End Log====

2024-05-16T12:50:51+00:00 DEBUG 
====Stripe Version: 8.2.0====
====Stripe Plugin API Version: 2019-09-09====
====Start Log====
account
====End Log====

2024-05-16T14:50:53+00:00 DEBUG 
====Stripe Version: 8.2.0====
====Stripe Plugin API Version: 2019-09-09====
====Start Log====
account
====End Log====

2024-05-16T16:51:54+00:00 DEBUG 
====Stripe Version: 8.2.0====
====Stripe Plugin API Version: 2019-09-09====
====Start Log====
account
====End Log====

2024-05-16T18:52:06+00:00 DEBUG 
====Stripe Version: 8.2.0====
====Stripe Plugin API Version: 2019-09-09====
====Start Log====
account
====End Log====

2024-05-16T20:54:21+00:00 DEBUG 
====Stripe Version: 8.2.0====
====Stripe Plugin API Version: 2019-09-09====
====Start Log====
account
====End Log====

2024-05-16T22:55:36+00:00 DEBUG 
====Stripe Version: 8.2.0====
====Stripe Plugin API Version: 2019-09-09====
====Start Log====
account
====End Log====

