2024-04-20T09:16:26+00:00 DEBUG 
====Stripe Version: 8.2.0====
====Stripe Plugin API Version: 2019-09-09====
====Start Log====
customers/cus_PxPOSmZwDwomef request: Array
(
    [email] => david20171013@gmail.com
    [description] => Name: Danijel Leoni, Username: david20171013
    [name] => Danijel Leoni
    [metadata] => Array
        (
        )

    [preferred_locales] => Array
        (
            [0] => en-US
        )

    [address] => Array
        (
            [line1] => Island
            [line2] => 
            [postal_code] => V9R 0A2
            [city] => Nanaimo
            [state] => BC
            [country] => CA
        )

)

====End Log====

2024-04-20T09:16:26+00:00 DEBUG 
====Stripe Version: 8.2.0====
====Stripe Plugin API Version: 2019-09-09====
====Start Log====
customers/cus_PxPOSmZwDwomef response with stripe-version: 2019-09-09
====End Log====

2024-04-20T09:16:26+00:00 DEBUG 
====Stripe Version: 8.2.0====
====Stripe Plugin API Version: 2019-09-09====
====Start Log====
Info: Begin processing payment for order 22975 for the amount of 24.00
====End Log====

2024-04-20T09:58:26+00:00 DEBUG 
====Stripe Version: 8.2.0====
====Stripe Plugin API Version: 2019-09-09====
====Start Log====
account
====End Log====

2024-04-20T11:58:37+00:00 DEBUG 
====Stripe Version: 8.2.0====
====Stripe Plugin API Version: 2019-09-09====
====Start Log====
account
====End Log====

2024-04-20T13:15:12+00:00 DEBUG 
====Stripe Version: 8.2.0====
====Stripe Plugin API Version: 2019-09-09====
====Start Log====
account
====End Log====

2024-04-20T13:39:53+00:00 DEBUG 
====Stripe Version: 8.2.0====
====Stripe Plugin API Version: 2019-09-09====
====Start Log====
account
====End Log====

2024-04-20T14:21:03+00:00 DEBUG 
====Stripe Version: 8.2.0====
====Stripe Plugin API Version: 2019-09-09====
====Start Log====
customers request: Array
(
    [email] => admin@wwmalls.com
    [description] => Name: Ken Crause, Username: admin
    [name] => Ken Crause
    [metadata] => Array
        (
        )

    [preferred_locales] => Array
        (
            [0] => en-US
        )

    [address] => Array
        (
            [line1] => 
            [line2] => 
            [postal_code] => 
            [city] => 
            [state] => 
            [country] => 
        )

)

====End Log====

2024-04-20T14:21:04+00:00 DEBUG 
====Stripe Version: 8.2.0====
====Stripe Plugin API Version: 2019-09-09====
====Start Log====
customers response with stripe-version: 2019-09-09
====End Log====

2024-04-20T14:21:04+00:00 DEBUG 
====Stripe Version: 8.2.0====
====Stripe Plugin API Version: 2019-09-09====
====Start Log====
payment_methods/pm_1P7emkJB8lUwOLytz4SrlqVz
====End Log====

2024-04-20T14:21:04+00:00 DEBUG 
====Stripe Version: 8.2.0====
====Stripe Plugin API Version: 2019-09-09====
====Start Log====
setup_intents request: Array
(
    [customer] => cus_PxZwCqaqpAtuqp
    [confirm] => true
    [payment_method] => pm_1P7emkJB8lUwOLytz4SrlqVz
)

====End Log====

2024-04-20T14:21:05+00:00 DEBUG 
====Stripe Version: 8.2.0====
====Stripe Plugin API Version: 2019-09-09====
====Start Log====
setup_intents response with stripe-version: 2019-09-09
====End Log====

2024-04-20T14:21:09+00:00 DEBUG 
====Stripe Version: 8.2.0====
====Stripe Plugin API Version: 2019-09-09====
====Start Log====
payment_methods/pm_1P7emkJB8lUwOLytz4SrlqVz
====End Log====

2024-04-20T14:21:09+00:00 DEBUG 
====Stripe Version: 8.2.0====
====Stripe Plugin API Version: 2019-09-09====
====Start Log====
payment_methods/pm_1P7emkJB8lUwOLytz4SrlqVz
====End Log====

2024-04-20T14:21:10+00:00 DEBUG 
====Stripe Version: 8.2.0====
====Stripe Plugin API Version: 2019-09-09====
====Start Log====
payment_methods request: Array
(
    [customer] => cus_PxZwCqaqpAtuqp
    [type] => card
    [limit] => 100
)

====End Log====

2024-04-20T14:21:10+00:00 DEBUG 
====Stripe Version: 8.2.0====
====Stripe Plugin API Version: 2019-09-09====
====Start Log====
payment_methods response with stripe-version: 2019-09-09
====End Log====

2024-04-20T14:21:10+00:00 DEBUG 
====Stripe Version: 8.2.0====
====Stripe Plugin API Version: 2019-09-09====
====Start Log====
customers/cus_PxZwCqaqpAtuqp request: Array
(
    [invoice_settings] => Array
        (
            [default_payment_method] => pm_1P7emkJB8lUwOLytz4SrlqVz
        )

)

====End Log====

2024-04-20T14:21:10+00:00 DEBUG 
====Stripe Version: 8.2.0====
====Stripe Plugin API Version: 2019-09-09====
====Start Log====
customers/cus_PxZwCqaqpAtuqp response with stripe-version: 2019-09-09
====End Log====

2024-04-20T14:21:17+00:00 DEBUG 
====Stripe Version: 8.2.0====
====Stripe Plugin API Version: 2019-09-09====
====Start Log====
payment_methods request: Array
(
    [customer] => cus_PxZwCqaqpAtuqp
    [type] => card
    [limit] => 100
)

====End Log====

2024-04-20T14:21:17+00:00 DEBUG 
====Stripe Version: 8.2.0====
====Stripe Plugin API Version: 2019-09-09====
====Start Log====
payment_methods response with stripe-version: 2019-09-09
====End Log====

2024-04-20T14:22:31+00:00 DEBUG 
====Stripe Version: 8.2.0====
====Stripe Plugin API Version: 2019-09-09====
====Start Log====
customers/cus_PxZwCqaqpAtuqp request: Array
(
    [email] => admin@wwmalls.com
    [description] => Name: Ken Crause, Username: admin
    [name] => Ken Crause
    [metadata] => Array
        (
        )

    [preferred_locales] => Array
        (
            [0] => en-US
        )

    [address] => Array
        (
            [line1] => Island
            [line2] => 
            [postal_code] => A2H 5G4
            [city] => Nanaimo
            [state] => BC
            [country] => CA
        )

)

====End Log====

2024-04-20T14:22:32+00:00 DEBUG 
====Stripe Version: 8.2.0====
====Stripe Plugin API Version: 2019-09-09====
====Start Log====
customers/cus_PxZwCqaqpAtuqp response with stripe-version: 2019-09-09
====End Log====

2024-04-20T14:22:32+00:00 DEBUG 
====Stripe Version: 8.2.0====
====Stripe Plugin API Version: 2019-09-09====
====Start Log====
Info: Begin processing payment for order 22976 for the amount of 550.00
====End Log====

2024-04-20T14:57:15+00:00 DEBUG 
====Stripe Version: 8.2.0====
====Stripe Plugin API Version: 2019-09-09====
====Start Log====
Could not find order via charge ID: ch_3P7fLmJB8lUwOLyt0e8g98QW
====End Log====

2024-04-20T15:39:58+00:00 DEBUG 
====Stripe Version: 8.2.0====
====Stripe Plugin API Version: 2019-09-09====
====Start Log====
account
====End Log====

2024-04-20T17:34:06+00:00 DEBUG 
====Stripe Version: 8.2.0====
====Stripe Plugin API Version: 2019-09-09====
====Start Log====
Could not find order via charge ID: ch_3P7hnYJB8lUwOLyt1KEY2m0q
====End Log====

2024-04-20T17:39:59+00:00 DEBUG 
====Stripe Version: 8.2.0====
====Stripe Plugin API Version: 2019-09-09====
====Start Log====
account
====End Log====

2024-04-20T19:40:10+00:00 DEBUG 
====Stripe Version: 8.2.0====
====Stripe Plugin API Version: 2019-09-09====
====Start Log====
account
====End Log====

2024-04-20T19:40:10+00:00 DEBUG 
====Stripe Version: 8.2.0====
====Stripe Plugin API Version: 2019-09-09====
====Start Log====
account
====End Log====

2024-04-20T21:40:12+00:00 DEBUG 
====Stripe Version: 8.2.0====
====Stripe Plugin API Version: 2019-09-09====
====Start Log====
account
====End Log====

2024-04-20T23:40:17+00:00 DEBUG 
====Stripe Version: 8.2.0====
====Stripe Plugin API Version: 2019-09-09====
====Start Log====
account
====End Log====

