2024-05-06T00:38:57+00:00 DEBUG 
====Stripe Version: 8.2.0====
====Stripe Plugin API Version: 2019-09-09====
====Start Log====
account
====End Log====

2024-05-06T02:40:37+00:00 DEBUG 
====Stripe Version: 8.2.0====
====Stripe Plugin API Version: 2019-09-09====
====Start Log====
account
====End Log====

2024-05-06T04:53:43+00:00 DEBUG 
====Stripe Version: 8.2.0====
====Stripe Plugin API Version: 2019-09-09====
====Start Log====
account
====End Log====

2024-05-06T06:55:53+00:00 DEBUG 
====Stripe Version: 8.2.0====
====Stripe Plugin API Version: 2019-09-09====
====Start Log====
account
====End Log====

2024-05-06T09:09:43+00:00 DEBUG 
====Stripe Version: 8.2.0====
====Stripe Plugin API Version: 2019-09-09====
====Start Log====
account
====End Log====

2024-05-06T11:25:51+00:00 DEBUG 
====Stripe Version: 8.2.0====
====Stripe Plugin API Version: 2019-09-09====
====Start Log====
account
====End Log====

2024-05-06T13:26:30+00:00 DEBUG 
====Stripe Version: 8.2.0====
====Stripe Plugin API Version: 2019-09-09====
====Start Log====
account
====End Log====

2024-05-06T15:26:40+00:00 DEBUG 
====Stripe Version: 8.2.0====
====Stripe Plugin API Version: 2019-09-09====
====Start Log====
account
====End Log====

2024-05-06T17:26:43+00:00 DEBUG 
====Stripe Version: 8.2.0====
====Stripe Plugin API Version: 2019-09-09====
====Start Log====
account
====End Log====

2024-05-06T19:26:46+00:00 DEBUG 
====Stripe Version: 8.2.0====
====Stripe Plugin API Version: 2019-09-09====
====Start Log====
account
====End Log====

2024-05-06T21:38:54+00:00 DEBUG 
====Stripe Version: 8.2.0====
====Stripe Plugin API Version: 2019-09-09====
====Start Log====
account
====End Log====

2024-05-06T23:55:30+00:00 DEBUG 
====Stripe Version: 8.2.0====
====Stripe Plugin API Version: 2019-09-09====
====Start Log====
account
====End Log====

