2024-04-30T01:34:25+00:00 DEBUG 
====Stripe Version: 8.2.0====
====Stripe Plugin API Version: 2019-09-09====
====Start Log====
account
====End Log====

2024-04-30T03:34:28+00:00 DEBUG 
====Stripe Version: 8.2.0====
====Stripe Plugin API Version: 2019-09-09====
====Start Log====
account
====End Log====

2024-04-30T03:34:28+00:00 DEBUG 
====Stripe Version: 8.2.0====
====Stripe Plugin API Version: 2019-09-09====
====Start Log====
account
====End Log====

2024-04-30T05:34:54+00:00 DEBUG 
====Stripe Version: 8.2.0====
====Stripe Plugin API Version: 2019-09-09====
====Start Log====
account
====End Log====

2024-04-30T07:35:56+00:00 DEBUG 
====Stripe Version: 8.2.0====
====Stripe Plugin API Version: 2019-09-09====
====Start Log====
account
====End Log====

2024-04-30T09:36:48+00:00 DEBUG 
====Stripe Version: 8.2.0====
====Stripe Plugin API Version: 2019-09-09====
====Start Log====
account
====End Log====

2024-04-30T11:36:52+00:00 DEBUG 
====Stripe Version: 8.2.0====
====Stripe Plugin API Version: 2019-09-09====
====Start Log====
account
====End Log====

2024-04-30T13:37:38+00:00 DEBUG 
====Stripe Version: 8.2.0====
====Stripe Plugin API Version: 2019-09-09====
====Start Log====
account
====End Log====

2024-04-30T15:37:46+00:00 DEBUG 
====Stripe Version: 8.2.0====
====Stripe Plugin API Version: 2019-09-09====
====Start Log====
account
====End Log====

2024-04-30T17:37:54+00:00 DEBUG 
====Stripe Version: 8.2.0====
====Stripe Plugin API Version: 2019-09-09====
====Start Log====
account
====End Log====

2024-04-30T17:37:54+00:00 DEBUG 
====Stripe Version: 8.2.0====
====Stripe Plugin API Version: 2019-09-09====
====Start Log====
account
====End Log====

2024-04-30T19:38:01+00:00 DEBUG 
====Stripe Version: 8.2.0====
====Stripe Plugin API Version: 2019-09-09====
====Start Log====
account
====End Log====

2024-04-30T21:38:05+00:00 DEBUG 
====Stripe Version: 8.2.0====
====Stripe Plugin API Version: 2019-09-09====
====Start Log====
account
====End Log====

2024-04-30T23:38:18+00:00 DEBUG 
====Stripe Version: 8.2.0====
====Stripe Plugin API Version: 2019-09-09====
====Start Log====
account
====End Log====

