2024-05-03T01:42:58+00:00 DEBUG 
====Stripe Version: 8.2.0====
====Stripe Plugin API Version: 2019-09-09====
====Start Log====
account
====End Log====

2024-05-03T03:43:06+00:00 DEBUG 
====Stripe Version: 8.2.0====
====Stripe Plugin API Version: 2019-09-09====
====Start Log====
account
====End Log====

2024-05-03T05:43:18+00:00 DEBUG 
====Stripe Version: 8.2.0====
====Stripe Plugin API Version: 2019-09-09====
====Start Log====
account
====End Log====

2024-05-03T07:43:23+00:00 DEBUG 
====Stripe Version: 8.2.0====
====Stripe Plugin API Version: 2019-09-09====
====Start Log====
account
====End Log====

2024-05-03T09:43:32+00:00 DEBUG 
====Stripe Version: 8.2.0====
====Stripe Plugin API Version: 2019-09-09====
====Start Log====
account
====End Log====

2024-05-03T11:43:37+00:00 DEBUG 
====Stripe Version: 8.2.0====
====Stripe Plugin API Version: 2019-09-09====
====Start Log====
account
====End Log====

2024-05-03T13:43:41+00:00 DEBUG 
====Stripe Version: 8.2.0====
====Stripe Plugin API Version: 2019-09-09====
====Start Log====
account
====End Log====

2024-05-03T15:43:43+00:00 DEBUG 
====Stripe Version: 8.2.0====
====Stripe Plugin API Version: 2019-09-09====
====Start Log====
account
====End Log====

2024-05-03T17:43:52+00:00 DEBUG 
====Stripe Version: 8.2.0====
====Stripe Plugin API Version: 2019-09-09====
====Start Log====
account
====End Log====

2024-05-03T19:43:57+00:00 DEBUG 
====Stripe Version: 8.2.0====
====Stripe Plugin API Version: 2019-09-09====
====Start Log====
account
====End Log====

2024-05-03T21:44:27+00:00 DEBUG 
====Stripe Version: 8.2.0====
====Stripe Plugin API Version: 2019-09-09====
====Start Log====
account
====End Log====

2024-05-03T23:45:49+00:00 DEBUG 
====Stripe Version: 8.2.0====
====Stripe Plugin API Version: 2019-09-09====
====Start Log====
account
====End Log====

