2024-04-27T01:26:43+00:00 DEBUG 
====Stripe Version: 8.2.0====
====Stripe Plugin API Version: 2019-09-09====
====Start Log====
account
====End Log====

2024-04-27T03:26:46+00:00 DEBUG 
====Stripe Version: 8.2.0====
====Stripe Plugin API Version: 2019-09-09====
====Start Log====
account
====End Log====

2024-04-27T05:26:52+00:00 DEBUG 
====Stripe Version: 8.2.0====
====Stripe Plugin API Version: 2019-09-09====
====Start Log====
account
====End Log====

2024-04-27T07:26:57+00:00 DEBUG 
====Stripe Version: 8.2.0====
====Stripe Plugin API Version: 2019-09-09====
====Start Log====
account
====End Log====

2024-04-27T09:27:16+00:00 DEBUG 
====Stripe Version: 8.2.0====
====Stripe Plugin API Version: 2019-09-09====
====Start Log====
account
====End Log====

2024-04-27T11:27:17+00:00 DEBUG 
====Stripe Version: 8.2.0====
====Stripe Plugin API Version: 2019-09-09====
====Start Log====
account
====End Log====

2024-04-27T13:27:21+00:00 DEBUG 
====Stripe Version: 8.2.0====
====Stripe Plugin API Version: 2019-09-09====
====Start Log====
account
====End Log====

2024-04-27T15:27:25+00:00 DEBUG 
====Stripe Version: 8.2.0====
====Stripe Plugin API Version: 2019-09-09====
====Start Log====
account
====End Log====

2024-04-27T15:38:45+00:00 DEBUG 
====Stripe Version: 8.2.0====
====Stripe Plugin API Version: 2019-09-09====
====Start Log====
Incoming webhook failed validation: {
  "id": "evt_3PADKnJB8lUwOLyt085bzmMz",
  "object": "event",
  "api_version": "2020-08-27",
  "created": 1714232321,
  "data": {
    "object": {
      "id": "pi_3PADKnJB8lUwOLyt0VrAWUXh",
      "object": "payment_intent",
      "amount": 10000,
      "amount_capturable": 0,
      "amount_details": {
        "tip": {
        }
      },
      "amount_received": 0,
      "application": "ca_NWDmTCaxytAFQyYkC7fLLoKP3iVj92gc",
      "application_fee_amount": 200,
      "automatic_payment_methods": {
        "allow_redirects": "always",
        "enabled": true
      },
      "canceled_at": null,
      "cancellation_reason": null,
      "capture_method": "automatic",
      "charges": {
        "object": "list",
        "data": [

        ],
        "has_more": false,
        "total_count": 0,
        "url": "/v1/charges?payment_intent=pi_3PADKnJB8lUwOLyt0VrAWUXh"
      },
      "client_secret": "pi_3PADKnJB8lUwOLyt0VrAWUXh_secret_bIfXTHnvCNlEYEniqtS5A6k57",
      "confirmation_method": "automatic",
      "created": 1714232321,
      "currency": "cad",
      "customer": null,
      "description": null,
      "invoice": null,
      "last_payment_error": null,
      "latest_charge": null,
      "livemode": true,
      "metadata": {
        "home_url": "https://realestate.wwmalls.com"
      },
      "next_action": null,
      "on_behalf_of": null,
      "payment_method": null,
      "payment_method_configuration_details": {
        "id": "pmc_1PACYaJB8lUwOLyt24qb0Rlb",
        "parent": "pmc_1MqVneAt12TY0uNChzfri0xZ"
      },
      "payment_method_options": {
        "card": {
          "installments": null,
          "mandate_options": null,
          "network": null,
          "request_three_d_secure": "automatic"
        }
      },
      "payment_method_types": [
        "card"
      ],
      "processing": null,
      "receipt_email": null,
      "review": null,
      "setup_future_usage": "off_session",
      "shipping": null,
      "source": null,
      "statement_descriptor": null,
      "statement_descriptor_suffix": null,
      "status": "requires_payment_method",
      "transfer_data": null,
      "transfer_group": null
    }
  },
  "livemode": true,
  "pending_webhooks": 3,
  "request": {
    "id": "req_g7pC4cqGG11FpH",
    "idempotency_key": "77edafbf-cc97-4d4f-995f-c784bcd66126"
  },
  "type": "payment_intent.created"
}
====End Log====

2024-04-27T15:38:46+00:00 DEBUG 
====Stripe Version: 8.2.0====
====Stripe Plugin API Version: 2019-09-09====
====Start Log====
Incoming webhook failed validation: {
  "id": "evt_1PADKnJB8lUwOLyt4yCjFDps",
  "object": "event",
  "api_version": "2020-08-27",
  "created": 1714232321,
  "data": {
    "object": {
      "id": "seti_1PADKnJB8lUwOLytC1yfIWgs",
      "object": "setup_intent",
      "application": "ca_NWDmTCaxytAFQyYkC7fLLoKP3iVj92gc",
      "automatic_payment_methods": null,
      "cancellation_reason": null,
      "client_secret": "seti_1PADKnJB8lUwOLytC1yfIWgs_secret_Q0DmExweBteM2aDJXfzcnyUetqpqNbI",
      "created": 1714232321,
      "customer": null,
      "description": null,
      "flow_directions": null,
      "last_setup_error": null,
      "latest_attempt": null,
      "livemode": true,
      "mandate": null,
      "metadata": {
        "home_url": "https://realestate.wwmalls.com"
      },
      "next_action": null,
      "on_behalf_of": null,
      "payment_method": null,
      "payment_method_configuration_details": null,
      "payment_method_options": {
        "card": {
          "mandate_options": null,
          "network": null,
          "request_three_d_secure": "automatic"
        }
      },
      "payment_method_types": [
        "card"
      ],
      "single_use_mandate": null,
      "status": "requires_payment_method",
      "usage": "off_session"
    }
  },
  "livemode": true,
  "pending_webhooks": 3,
  "request": {
    "id": "req_mkNpvrHOJQpr6U",
    "idempotency_key": "088e3e5e-e984-4983-8b53-f25aab69f73f"
  },
  "type": "setup_intent.created"
}
====End Log====

2024-04-27T15:43:29+00:00 DEBUG 
====Stripe Version: 8.2.0====
====Stripe Plugin API Version: 2019-09-09====
====Start Log====
Incoming webhook failed validation: {
  "id": "evt_3PADPLJB8lUwOLyt01CajIIx",
  "object": "event",
  "api_version": "2020-08-27",
  "created": 1714232603,
  "data": {
    "object": {
      "id": "pi_3PADPLJB8lUwOLyt0LY9c053",
      "object": "payment_intent",
      "amount": 500,
      "amount_capturable": 0,
      "amount_details": {
        "tip": {
        }
      },
      "amount_received": 0,
      "application": "ca_NWDmTCaxytAFQyYkC7fLLoKP3iVj92gc",
      "application_fee_amount": 10,
      "automatic_payment_methods": {
        "allow_redirects": "always",
        "enabled": true
      },
      "canceled_at": null,
      "cancellation_reason": null,
      "capture_method": "automatic",
      "charges": {
        "object": "list",
        "data": [

        ],
        "has_more": false,
        "total_count": 0,
        "url": "/v1/charges?payment_intent=pi_3PADPLJB8lUwOLyt0LY9c053"
      },
      "client_secret": "pi_3PADPLJB8lUwOLyt0LY9c053_secret_4uQkjIsvrEvuDN5u8AhyPD1j1",
      "confirmation_method": "automatic",
      "created": 1714232603,
      "currency": "cad",
      "customer": null,
      "description": null,
      "invoice": null,
      "last_payment_error": null,
      "latest_charge": null,
      "livemode": true,
      "metadata": {
        "home_url": "https://realestate.wwmalls.com"
      },
      "next_action": null,
      "on_behalf_of": null,
      "payment_method": null,
      "payment_method_configuration_details": {
        "id": "pmc_1PACYaJB8lUwOLyt24qb0Rlb",
        "parent": "pmc_1MqVneAt12TY0uNChzfri0xZ"
      },
      "payment_method_options": {
        "card": {
          "installments": null,
          "mandate_options": null,
          "network": null,
          "request_three_d_secure": "automatic"
        }
      },
      "payment_method_types": [
        "card"
      ],
      "processing": null,
      "receipt_email": null,
      "review": null,
      "setup_future_usage": "off_session",
      "shipping": null,
      "source": null,
      "statement_descriptor": null,
      "statement_descriptor_suffix": null,
      "status": "requires_payment_method",
      "transfer_data": null,
      "transfer_group": null
    }
  },
  "livemode": true,
  "pending_webhooks": 3,
  "request": {
    "id": "req_17kJO10qPISy0n",
    "idempotency_key": "ee3c0266-b98a-4c04-aaa0-14535705afd7"
  },
  "type": "payment_intent.created"
}
====End Log====

2024-04-27T15:43:29+00:00 DEBUG 
====Stripe Version: 8.2.0====
====Stripe Plugin API Version: 2019-09-09====
====Start Log====
Incoming webhook failed validation: {
  "id": "evt_1PADPMJB8lUwOLytvSQ0HSYm",
  "object": "event",
  "api_version": "2020-08-27",
  "created": 1714232604,
  "data": {
    "object": {
      "id": "seti_1PADPMJB8lUwOLytX3xYM4lO",
      "object": "setup_intent",
      "application": "ca_NWDmTCaxytAFQyYkC7fLLoKP3iVj92gc",
      "automatic_payment_methods": null,
      "cancellation_reason": null,
      "client_secret": "seti_1PADPMJB8lUwOLytX3xYM4lO_secret_Q0DryezQJrlcNfKK7hiNC6riMFo9JMn",
      "created": 1714232604,
      "customer": null,
      "description": null,
      "flow_directions": null,
      "last_setup_error": null,
      "latest_attempt": null,
      "livemode": true,
      "mandate": null,
      "metadata": {
        "home_url": "https://realestate.wwmalls.com"
      },
      "next_action": null,
      "on_behalf_of": null,
      "payment_method": null,
      "payment_method_configuration_details": null,
      "payment_method_options": {
        "card": {
          "mandate_options": null,
          "network": null,
          "request_three_d_secure": "automatic"
        }
      },
      "payment_method_types": [
        "card"
      ],
      "single_use_mandate": null,
      "status": "requires_payment_method",
      "usage": "off_session"
    }
  },
  "livemode": true,
  "pending_webhooks": 3,
  "request": {
    "id": "req_hMY6Fjxi5QMai6",
    "idempotency_key": "6824aea1-7c1d-43f6-9bd0-5e29797b9abb"
  },
  "type": "setup_intent.created"
}
====End Log====

2024-04-27T17:27:32+00:00 DEBUG 
====Stripe Version: 8.2.0====
====Stripe Plugin API Version: 2019-09-09====
====Start Log====
account
====End Log====

2024-04-27T19:28:47+00:00 DEBUG 
====Stripe Version: 8.2.0====
====Stripe Plugin API Version: 2019-09-09====
====Start Log====
account
====End Log====

2024-04-27T21:28:57+00:00 DEBUG 
====Stripe Version: 8.2.0====
====Stripe Plugin API Version: 2019-09-09====
====Start Log====
account
====End Log====

2024-04-27T23:29:30+00:00 DEBUG 
====Stripe Version: 8.2.0====
====Stripe Plugin API Version: 2019-09-09====
====Start Log====
account
====End Log====

2024-04-27T23:49:29+00:00 DEBUG 
====Stripe Version: 8.2.0====
====Stripe Plugin API Version: 2019-09-09====
====Start Log====
Incoming webhook failed validation: {
  "id": "evt_3PAKzhJB8lUwOLyt10QwzXqo",
  "object": "event",
  "api_version": "2020-08-27",
  "created": 1714261765,
  "data": {
    "object": {
      "id": "pi_3PAKzhJB8lUwOLyt1RJ3ZWJI",
      "object": "payment_intent",
      "amount": 500,
      "amount_capturable": 0,
      "amount_details": {
        "tip": {
        }
      },
      "amount_received": 0,
      "application": "ca_NWDmTCaxytAFQyYkC7fLLoKP3iVj92gc",
      "application_fee_amount": 10,
      "automatic_payment_methods": {
        "allow_redirects": "always",
        "enabled": true
      },
      "canceled_at": null,
      "cancellation_reason": null,
      "capture_method": "automatic",
      "charges": {
        "object": "list",
        "data": [

        ],
        "has_more": false,
        "total_count": 0,
        "url": "/v1/charges?payment_intent=pi_3PAKzhJB8lUwOLyt1RJ3ZWJI"
      },
      "client_secret": "pi_3PAKzhJB8lUwOLyt1RJ3ZWJI_secret_XreifcNMWETFzntF7DEGqMGeD",
      "confirmation_method": "automatic",
      "created": 1714261765,
      "currency": "cad",
      "customer": null,
      "description": null,
      "invoice": null,
      "last_payment_error": null,
      "latest_charge": null,
      "livemode": true,
      "metadata": {
        "home_url": "https://realestate.wwmalls.com"
      },
      "next_action": null,
      "on_behalf_of": null,
      "payment_method": null,
      "payment_method_configuration_details": {
        "id": "pmc_1PACYaJB8lUwOLyt24qb0Rlb",
        "parent": "pmc_1MqVneAt12TY0uNChzfri0xZ"
      },
      "payment_method_options": {
        "card": {
          "installments": null,
          "mandate_options": null,
          "network": null,
          "request_three_d_secure": "automatic"
        }
      },
      "payment_method_types": [
        "card"
      ],
      "processing": null,
      "receipt_email": null,
      "review": null,
      "setup_future_usage": "off_session",
      "shipping": null,
      "source": null,
      "statement_descriptor": null,
      "statement_descriptor_suffix": null,
      "status": "requires_payment_method",
      "transfer_data": null,
      "transfer_group": null
    }
  },
  "livemode": true,
  "pending_webhooks": 3,
  "request": {
    "id": "req_SrO5EYJpDz2g5u",
    "idempotency_key": "25fd87ba-cdcd-458e-9959-4c0150d36710"
  },
  "type": "payment_intent.created"
}
====End Log====

2024-04-27T23:49:30+00:00 DEBUG 
====Stripe Version: 8.2.0====
====Stripe Plugin API Version: 2019-09-09====
====Start Log====
Incoming webhook failed validation: {
  "id": "evt_1PAKziJB8lUwOLytEb6wJdgz",
  "object": "event",
  "api_version": "2020-08-27",
  "created": 1714261766,
  "data": {
    "object": {
      "id": "seti_1PAKziJB8lUwOLyti2iyZJg7",
      "object": "setup_intent",
      "application": "ca_NWDmTCaxytAFQyYkC7fLLoKP3iVj92gc",
      "automatic_payment_methods": null,
      "cancellation_reason": null,
      "client_secret": "seti_1PAKziJB8lUwOLyti2iyZJg7_secret_Q0LhSQNqXJTZb32ygORKjsj86yVLurd",
      "created": 1714261766,
      "customer": null,
      "description": null,
      "flow_directions": null,
      "last_setup_error": null,
      "latest_attempt": null,
      "livemode": true,
      "mandate": null,
      "metadata": {
        "home_url": "https://realestate.wwmalls.com"
      },
      "next_action": null,
      "on_behalf_of": null,
      "payment_method": null,
      "payment_method_configuration_details": null,
      "payment_method_options": {
        "card": {
          "mandate_options": null,
          "network": null,
          "request_three_d_secure": "automatic"
        }
      },
      "payment_method_types": [
        "card"
      ],
      "single_use_mandate": null,
      "status": "requires_payment_method",
      "usage": "off_session"
    }
  },
  "livemode": true,
  "pending_webhooks": 3,
  "request": {
    "id": "req_BnMbL7Eny8ekNv",
    "idempotency_key": "8430eef6-6c5e-4dad-bd10-108a08a38d21"
  },
  "type": "setup_intent.created"
}
====End Log====

