01-29-2024 @ 11:29:12 - ---[ New import started at 2024-01-29 18:29:12 ] PHP Memory: 2 GB, WP Memory: 40 MB
01-29-2024 @ 11:29:12 - Preparing for import.
01-29-2024 @ 11:29:12 - Row :1 - Parsing item.
01-29-2024 @ 11:29:12 - Importing as new product ID:22479
01-29-2024 @ 11:29:12 - Row :1 - Processing item.
01-29-2024 @ 11:29:12 - Found simple product object. ID:22479
01-29-2024 @ 11:29:12 - Row :1 - Processing failed. Reason: Invalid or duplicated SKU.
01-29-2024 @ 11:29:12 - Row :2 - Parsing item.
01-29-2024 @ 11:29:12 - Importing as new product ID:22480
01-29-2024 @ 11:29:12 - Row :2 - Processing item.
01-29-2024 @ 11:29:12 - Found simple product object. ID:22480
01-29-2024 @ 11:29:12 - Row :2 - Processing failed. Reason: Invalid or duplicated SKU.
01-29-2024 @ 11:29:12 - Row :3 - Parsing item.
01-29-2024 @ 11:29:12 - Importing as new product ID:22481
01-29-2024 @ 11:29:12 - Row :3 - Processing item.
01-29-2024 @ 11:29:12 - Found simple product object. ID:22481
01-29-2024 @ 11:29:12 - Row :3 - Processing failed. Reason: Invalid or duplicated SKU.
01-29-2024 @ 11:29:12 - Row :4 - Parsing item.
01-29-2024 @ 11:29:12 - Importing as new product ID:22482
01-29-2024 @ 11:29:12 - Row :4 - Processing item.
01-29-2024 @ 11:29:12 - Found simple product object. ID:22482
01-29-2024 @ 11:29:12 - Row :4 - Processing failed. Reason: Invalid or duplicated SKU.
01-29-2024 @ 11:29:12 - Row :5 - Parsing item.
01-29-2024 @ 11:29:12 - Importing as new product ID:22483
01-29-2024 @ 11:29:12 - Row :5 - Processing item.
01-29-2024 @ 11:29:12 - Found simple product object. ID:22483
01-29-2024 @ 11:29:12 - Row :5 - Processing failed. Reason: Invalid or duplicated SKU.
01-29-2024 @ 11:29:13 - ---[ Import ended at 2024-01-29 18:29:13]---
